202406010101
202406010102
202406010103
202406010104
202406010105
202406010106
202406010107
202406010108
202406010109
202406010110
202406010111
202406010112
202408010101
202408010102
202408010103
202408010104
202408010105
202408010106
202408010107
202408010108
202408010109
202408010110
202408010111
202408010112
202406010201
202406010202
202406010203
202406010204
202406010205
202406010206
202406010207
202406010208
202406010209
202406010210
202406010211
202406010212
202408010201
202408010202
202408010203
202408010204
202408010205
202408010206
202408010207
202408010208
202408010209
202408010210
202408010211
202408010212
202406010301
202406010302
202406010303
202406010304
202406010305
202406010306
202406010307
202406010308
202406010309
202406010310
202406010311
202406010312
202408010301
202408010302
202408010303
202408010304
202408010305
202408010306
202408010307
202408010308
202408010309
202408010310
202408010311
202408010312
202406010401
202406010402
202406010403
202406010404
202406010405
202406010406
202406010407
202406010408
202406010409
202406010410
202406010411
202406010412
202408010401
202408010402
202408010403
202408010404
202408010405
202408010406
202408010407
202408010408
202408010409
202408010410
202408010411
202408010412
202410010101
202410010102
202410010103
202410010104
202410010105
202410010106
202410010107
202410010108
202410010109
202410010110
202410010111
202410010112
202406010501
202406010502
202406010503
202406010504
202406010505
202406010506
202406010507
202406010508
202406010509
202406010510
202406010511
202406010512
202408010501
202408010502
202408010503
202408010504
202408010505
202408010506
202408010507
202408010508
202408010509
202408010510
202408010511
202408010512
202410010201
202410010202
202410010203
202410010204
202410010205
202410010206
202410010207
202410010208
202410010209
202410010210
202410010211
202410010212
202406010601
202406010602
202406010603
202406010604
202406010605
202406010606
202406010607
202406010608
202406010609
202406010610
202406010611
202406010612
202408010601
202408010602
202408010603
202408010604
202408010605
202408010606
202408010607
202408010608
202408010609
202408010610
202408010611
202408010612
202410010301
202410010302
202410010303
202410010304
202410010305
202410010306
202410010307
202410010308
202410010309
202410010310
202410010311
202410010312
202406010701
202406010702
202406010703
202406010704
202406010705
202406010706
202406010707
202406010708
202406010709
202406010710
202406010711
202406010712
202408010701
202408010702
202408010703
202408010704
202408010705
202408010706
202408010707
202408010708
202408010709
202408010710
202408010711
202408010712
202410010401
202410010402
202410010403
202410010404
202410010405
202410010406
202410010407
202410010408
202410010409
202410010410
202410010411
202410010412
202405010101
202405010102
202405010103
202405010104
202405010105
202405010106
202405010107
202405010108
202405010109
202405010110
202405010111
202405010112
202408020101
202408020102
202408020103
202408020104
202408020105
202408020106
202408020107
202408020108
202408020109
202408020110
202408020111
202408020112
202410010501
202410010502
202410010503
202410010504
202410010505
202410010506
202410010507
202410010508
202410010509
202410010510
202410010511
202410010512
202405010201
202405010202
202405010203
202405010204
202405010205
202405010206
202405010207
202405010208
202405010209
202405010210
202405010211
202405010212
202408020201
202408020202
202408020203
202408020204
202408020205
202408020206
202408020207
202408020208
202408020209
202408020210
202408020211
202408020212
202410010601
202410010602
202410010603
202410010604
202410010605
202410010606
202410010607
202410010608
202410010609
202410010610
202410010611
202410010612
202006010101
202006010102
202006010103
202006010104
202006010105
202006010106
202006010107
202006010108
202006010109
202006010110
202006010111
202006010112
202008010101
202008010102
202008010103
202008010104
202008010105
202008010106
202008010107
202008010108
202008010109
202008010110
202008010111
202008010112
202006010201
202006010202
202006010203
202006010204
202006010205
202006010206
202006010207
202006010208
202006010209
202006010210
202006010211
202006010212
202008010201
202008010202
202008010203
202008010204
202008010205
202008010206
202008010207
202008010208
202008010209
202008010210
202008010211
202008010212
202006010401
202006010402
202006010403
202006010404
202006010405
202006010406
202006010407
202006010408
202006010409
202006010410
202006010411
202006010412
202008010401
202008010402
202008010403
202008010404
202008010405
202008010406
202008010407
202008010408
202008010409
202008010410
202008010411
202008010412
202006010501
202006010502
202006010503
202006010504
202006010505
202006010506
202006010507
202006010508
202006010509
202006010510
202006010511
202006010512
202008010501
202008010502
202008010503
202008010504
202008010505
202008010506
202008010507
202008010508
202008010509
202008010510
202008010511
202008010512
202006010601
202006010602
202006010603
202006010604
202006010605
202006010606
202006010607
202006010608
202006010609
202006010610
202006010611
202006010612
202008010601
202008010602
202008010603
202008010604
202008010605
202008010606
202008010607
202008010608
202008010609
202008010610
202008010611
202008010612
202010010101
202010010102
202010010103
202010010104
202010010105
202010010106
202010010107
202010010108
202010010109
202010010110
202010010111
202010010112
202006010701
202006010702
202006010703
202006010704
202006010705
202006010706
202006010707
202006010708
202006010709
202006010710
202006010711
202006010712
202008010701
202008010702
202008010703
202008010704
202008010705
202008010706
202008010707
202008010708
202008010709
202008010710
202008010711
202008010712
202010010201
202010010202
202010010203
202010010204
202010010205
202010010206
202010010207
202010010208
202010010209
202010010210
202010010211
202010010212
202006010801
202006010802
202006010803
202006010804
202006010805
202006010806
202006010807
202006010808
202006010809
202006010810
202006010811
202006010812
202008010801
202008010802
202008010803
202008010804
202008010805
202008010806
202008010807
202008010808
202008010809
202008010810
202008010811
202008010812
202010010301
202010010302
202010010303
202010010304
202010010305
202010010306
202010010307
202010010308
202010010309
202010010310
202010010311
202010010312
202006010901
202006010902
202006010903
202006010904
202006010905
202006010906
202006010907
202006010908
202006010909
202006010910
202006010911
202006010912
202008010901
202008010902
202008010903
202008010904
202008010905
202008010906
202008010907
202008010908
202008010909
202008010910
202008010911
202008010912
202010010401
202010010402
202010010403
202010010404
202010010405
202010010406
202010010407
202010010408
202010010409
202010010410
202010010411
202010010412
202005010101
202005010102
202005010103
202005010104
202005010105
202005010106
202005010107
202005010108
202005010109
202005010110
202005010111
202005010112
202008020101
202008020102
202008020103
202008020104
202008020105
202008020106
202008020107
202008020108
202008020109
202008020110
202008020111
202008020112
202010010501
202010010502
202010010503
202010010504
202010010505
202010010506
202010010507
202010010508
202010010509
202010010510
202010010511
202010010512
202005010201
202005010202
202005010203
202005010204
202005010205
202005010206
202005010207
202005010208
202005010209
202005010210
202005010211
202005010212
202008020201
202008020202
202008020203
202008020204
202008020205
202008020206
202008020207
202008020208
202008020209
202008020210
202008020211
202008020212
202010010601
202010010602
202010010603
202010010604
202010010605
202010010606
202010010607
202010010608
202010010609
202010010610
202010010611
202010010612
202005010301
202005010302
202005010303
202005010304
202005010305

